-- The C compiler identification is GNU 13.2.0
-- The CXX compiler identification is GNU 13.2.0
-- Detecting C compiler ABI info
-- Detecting C compiler ABI info - done
-- Check for working C compiler: /usr/bin/cc - skipped
-- Detecting C compile features
-- Detecting C compile features - done
-- Detecting CXX compiler ABI info
-- Detecting CXX compiler ABI info - done
-- Check for working CXX compiler: /usr/bin/c++ - skipped
-- Detecting CXX compile features
-- Detecting CXX compile features - done
-- Found ament_cmake: 2.5.2 (/opt/ros/jazzy/share/ament_cmake/cmake)
-- Found Python3: /usr/bin/python3 (found version "3.12.3") found components: Interpreter 
-- Found ament_lint_auto: 0.17.1 (/opt/ros/jazzy/share/ament_lint_auto/cmake)
-- Added test 'cppcheck' to perform static code analysis on C / C++ code
-- Configured cppcheck include dirs: 
-- Configured cppcheck exclude dirs and/or files: 
-- Added test 'lint_cmake' to check CMake code style
-- Added test 'uncrustify' to check C / C++ code style
-- Configured uncrustify additional arguments: 
-- Added test 'xmllint' to check XML markup files
-- Configuring done (1.8s)
-- Generating done (0.0s)
-- Build files have been written to: /home/marius/rg_ws/rg_description/build/rg_description
-- Install configuration: ""
-- Installing: /home/marius/rg_ws/rg_description/install/rg_description/share/ament_index/resource_index/package_run_dependencies/rg_description
-- Installing: /home/marius/rg_ws/rg_description/install/rg_description/share/ament_index/resource_index/parent_prefix_path/rg_description
-- Installing: /home/marius/rg_ws/rg_description/install/rg_description/share/rg_description/environment/ament_prefix_path.sh
-- Installing: /home/marius/rg_ws/rg_description/install/rg_description/share/rg_description/environment/ament_prefix_path.dsv
-- Installing: /home/marius/rg_ws/rg_description/install/rg_description/share/rg_description/environment/path.sh
-- Installing: /home/marius/rg_ws/rg_description/install/rg_description/share/rg_description/environment/path.dsv
-- Installing: /home/marius/rg_ws/rg_description/install/rg_description/share/rg_description/local_setup.bash
-- Installing: /home/marius/rg_ws/rg_description/install/rg_description/share/rg_description/local_setup.sh
-- Installing: /home/marius/rg_ws/rg_description/install/rg_description/share/rg_description/local_setup.zsh
-- Installing: /home/marius/rg_ws/rg_description/install/rg_description/share/rg_description/local_setup.dsv
-- Installing: /home/marius/rg_ws/rg_description/install/rg_description/share/rg_description/package.dsv
-- Installing: /home/marius/rg_ws/rg_description/install/rg_description/share/ament_index/resource_index/packages/rg_description
-- Installing: /home/marius/rg_ws/rg_description/install/rg_description/share/rg_description/cmake/rg_descriptionConfig.cmake
-- Installing: /home/marius/rg_ws/rg_description/install/rg_description/share/rg_description/cmake/rg_descriptionConfig-version.cmake
-- Installing: /home/marius/rg_ws/rg_description/install/rg_description/share/rg_description/package.xml
