[0.021s] Invoking command in '/home/marius/rg_ws/src/rg_bringup/build/rg_bringup': CMAKE_PREFIX_PATH=${CMAKE_PREFIX_PATH}:/opt/ros/jazzy DEBUGINFOD_URLS=https://debuginfod.ubuntu.com /usr/bin/cmake /home/marius/rg_ws/src/rg_bringup -DCMAKE_INSTALL_PREFIX=/home/marius/rg_ws/src/rg_bringup/install/rg_bringup
[0.147s] -- The C compiler identification is GNU 13.2.0
[0.277s] -- The CXX compiler identification is GNU 13.2.0
[0.320s] -- Detecting C compiler ABI info
[0.503s] -- Detecting C compiler ABI info - done
[0.536s] -- Check for working C compiler: /usr/bin/cc - skipped
[0.537s] -- Detecting C compile features
[0.538s] -- Detecting C compile features - done
[0.561s] -- Detecting CXX compiler ABI info
[0.773s] -- Detecting CXX compiler ABI info - done
[0.795s] -- Check for working CXX compiler: /usr/bin/c++ - skipped
[0.795s] -- Detecting CXX compile features
[0.796s] -- Detecting CXX compile features - done
[0.804s] -- Found ament_cmake: 2.5.2 (/opt/ros/jazzy/share/ament_cmake/cmake)
[1.114s] -- Found Python3: /usr/bin/python3 (found version "3.12.3") found components: Interpreter 
[1.391s] -- Found ament_lint_auto: 0.17.1 (/opt/ros/jazzy/share/ament_lint_auto/cmake)
[1.595s] -- Added test 'cppcheck' to perform static code analysis on C / C++ code
[1.595s] -- Configured cppcheck include dirs: 
[1.595s] -- Configured cppcheck exclude dirs and/or files: 
[1.598s] -- Added test 'flake8' to check Python code syntax and style conventions
[1.598s] -- Configured 'flake8' exclude dirs and/or files: 
[1.601s] -- Added test 'lint_cmake' to check CMake code style
[1.604s] -- Added test 'pep257' to check Python code against some of the docstring style conventions in PEP 257
[1.615s] -- Added test 'uncrustify' to check C / C++ code style
[1.615s] -- Configured uncrustify additional arguments: 
[1.618s] -- Added test 'xmllint' to check XML markup files
[1.621s] -- Configuring done (1.6s)
[1.627s] -- Generating done (0.0s)
[1.629s] -- Build files have been written to: /home/marius/rg_ws/src/rg_bringup/build/rg_bringup
[1.636s] Invoked command in '/home/marius/rg_ws/src/rg_bringup/build/rg_bringup' returned '0': CMAKE_PREFIX_PATH=${CMAKE_PREFIX_PATH}:/opt/ros/jazzy DEBUGINFOD_URLS=https://debuginfod.ubuntu.com /usr/bin/cmake /home/marius/rg_ws/src/rg_bringup -DCMAKE_INSTALL_PREFIX=/home/marius/rg_ws/src/rg_bringup/install/rg_bringup
[1.638s] Invoking command in '/home/marius/rg_ws/src/rg_bringup/build/rg_bringup': CMAKE_PREFIX_PATH=${CMAKE_PREFIX_PATH}:/opt/ros/jazzy DEBUGINFOD_URLS=https://debuginfod.ubuntu.com /usr/bin/cmake --build /home/marius/rg_ws/src/rg_bringup/build/rg_bringup -- -j8 -l8
[1.729s] Invoked command in '/home/marius/rg_ws/src/rg_bringup/build/rg_bringup' returned '0': CMAKE_PREFIX_PATH=${CMAKE_PREFIX_PATH}:/opt/ros/jazzy DEBUGINFOD_URLS=https://debuginfod.ubuntu.com /usr/bin/cmake --build /home/marius/rg_ws/src/rg_bringup/build/rg_bringup -- -j8 -l8
[1.788s] Invoking command in '/home/marius/rg_ws/src/rg_bringup/build/rg_bringup': CMAKE_PREFIX_PATH=${CMAKE_PREFIX_PATH}:/opt/ros/jazzy DEBUGINFOD_URLS=https://debuginfod.ubuntu.com /usr/bin/cmake --install /home/marius/rg_ws/src/rg_bringup/build/rg_bringup
[1.801s] -- Install configuration: ""
[1.801s] -- Installing: /home/marius/rg_ws/src/rg_bringup/install/rg_bringup/share//launch
[1.802s] -- Installing: /home/marius/rg_ws/src/rg_bringup/install/rg_bringup/share//launch/rg.rviz.launch.py
[1.802s] -- Installing: /home/marius/rg_ws/src/rg_bringup/install/rg_bringup/share/ament_index/resource_index/package_run_dependencies/rg_bringup
[1.802s] -- Installing: /home/marius/rg_ws/src/rg_bringup/install/rg_bringup/share/ament_index/resource_index/parent_prefix_path/rg_bringup
[1.803s] -- Installing: /home/marius/rg_ws/src/rg_bringup/install/rg_bringup/share/rg_bringup/environment/ament_prefix_path.sh
[1.803s] -- Installing: /home/marius/rg_ws/src/rg_bringup/install/rg_bringup/share/rg_bringup/environment/ament_prefix_path.dsv
[1.803s] -- Installing: /home/marius/rg_ws/src/rg_bringup/install/rg_bringup/share/rg_bringup/environment/path.sh
[1.804s] -- Installing: /home/marius/rg_ws/src/rg_bringup/install/rg_bringup/share/rg_bringup/environment/path.dsv
[1.804s] -- Installing: /home/marius/rg_ws/src/rg_bringup/install/rg_bringup/share/rg_bringup/local_setup.bash
[1.804s] -- Installing: /home/marius/rg_ws/src/rg_bringup/install/rg_bringup/share/rg_bringup/local_setup.sh
[1.804s] -- Installing: /home/marius/rg_ws/src/rg_bringup/install/rg_bringup/share/rg_bringup/local_setup.zsh
[1.804s] -- Installing: /home/marius/rg_ws/src/rg_bringup/install/rg_bringup/share/rg_bringup/local_setup.dsv
[1.805s] -- Installing: /home/marius/rg_ws/src/rg_bringup/install/rg_bringup/share/rg_bringup/package.dsv
[1.805s] -- Installing: /home/marius/rg_ws/src/rg_bringup/install/rg_bringup/share/ament_index/resource_index/packages/rg_bringup
[1.805s] -- Installing: /home/marius/rg_ws/src/rg_bringup/install/rg_bringup/share/rg_bringup/cmake/rg_bringupConfig.cmake
[1.806s] -- Installing: /home/marius/rg_ws/src/rg_bringup/install/rg_bringup/share/rg_bringup/cmake/rg_bringupConfig-version.cmake
[1.806s] -- Installing: /home/marius/rg_ws/src/rg_bringup/install/rg_bringup/share/rg_bringup/package.xml
[1.809s] Invoked command in '/home/marius/rg_ws/src/rg_bringup/build/rg_bringup' returned '0': CMAKE_PREFIX_PATH=${CMAKE_PREFIX_PATH}:/opt/ros/jazzy DEBUGINFOD_URLS=https://debuginfod.ubuntu.com /usr/bin/cmake --install /home/marius/rg_ws/src/rg_bringup/build/rg_bringup
