[0.024s] Invoking command in '/home/marius/rg_ws/src/rg_bringup/build/rg_bringup': CMAKE_PREFIX_PATH=${CMAKE_PREFIX_PATH}:/opt/ros/jazzy DEBUGINFOD_URLS=https://debuginfod.ubuntu.com /usr/bin/cmake --build /home/marius/rg_ws/src/rg_bringup/build/rg_bringup -- -j8 -l8
[0.109s] Invoked command in '/home/marius/rg_ws/src/rg_bringup/build/rg_bringup' returned '0': CMAKE_PREFIX_PATH=${CMAKE_PREFIX_PATH}:/opt/ros/jazzy DEBUGINFOD_URLS=https://debuginfod.ubuntu.com /usr/bin/cmake --build /home/marius/rg_ws/src/rg_bringup/build/rg_bringup -- -j8 -l8
[0.171s] Invoking command in '/home/marius/rg_ws/src/rg_bringup/build/rg_bringup': CMAKE_PREFIX_PATH=${CMAKE_PREFIX_PATH}:/opt/ros/jazzy DEBUGINFOD_URLS=https://debuginfod.ubuntu.com /usr/bin/cmake --install /home/marius/rg_ws/src/rg_bringup/build/rg_bringup
[0.184s] -- Install configuration: ""
[0.185s] -- Up-to-date: /home/marius/rg_ws/src/rg_bringup/install/rg_bringup/share//launch
[0.185s] -- Up-to-date: /home/marius/rg_ws/src/rg_bringup/install/rg_bringup/share//launch/rg.rviz.launch.py
[0.185s] -- Up-to-date: /home/marius/rg_ws/src/rg_bringup/install/rg_bringup/share/ament_index/resource_index/package_run_dependencies/rg_bringup
[0.186s] -- Up-to-date: /home/marius/rg_ws/src/rg_bringup/install/rg_bringup/share/ament_index/resource_index/parent_prefix_path/rg_bringup
[0.186s] -- Up-to-date: /home/marius/rg_ws/src/rg_bringup/install/rg_bringup/share/rg_bringup/environment/ament_prefix_path.sh
[0.186s] -- Up-to-date: /home/marius/rg_ws/src/rg_bringup/install/rg_bringup/share/rg_bringup/environment/ament_prefix_path.dsv
[0.186s] -- Up-to-date: /home/marius/rg_ws/src/rg_bringup/install/rg_bringup/share/rg_bringup/environment/path.sh
[0.187s] -- Up-to-date: /home/marius/rg_ws/src/rg_bringup/install/rg_bringup/share/rg_bringup/environment/path.dsv
[0.187s] -- Up-to-date: /home/marius/rg_ws/src/rg_bringup/install/rg_bringup/share/rg_bringup/local_setup.bash
[0.187s] -- Up-to-date: /home/marius/rg_ws/src/rg_bringup/install/rg_bringup/share/rg_bringup/local_setup.sh
[0.187s] -- Up-to-date: /home/marius/rg_ws/src/rg_bringup/install/rg_bringup/share/rg_bringup/local_setup.zsh
[0.188s] -- Up-to-date: /home/marius/rg_ws/src/rg_bringup/install/rg_bringup/share/rg_bringup/local_setup.dsv
[0.188s] -- Up-to-date: /home/marius/rg_ws/src/rg_bringup/install/rg_bringup/share/rg_bringup/package.dsv
[0.188s] -- Up-to-date: /home/marius/rg_ws/src/rg_bringup/install/rg_bringup/share/ament_index/resource_index/packages/rg_bringup
[0.188s] -- Up-to-date: /home/marius/rg_ws/src/rg_bringup/install/rg_bringup/share/rg_bringup/cmake/rg_bringupConfig.cmake
[0.188s] -- Up-to-date: /home/marius/rg_ws/src/rg_bringup/install/rg_bringup/share/rg_bringup/cmake/rg_bringupConfig-version.cmake
[0.189s] -- Up-to-date: /home/marius/rg_ws/src/rg_bringup/install/rg_bringup/share/rg_bringup/package.xml
[0.190s] Invoked command in '/home/marius/rg_ws/src/rg_bringup/build/rg_bringup' returned '0': CMAKE_PREFIX_PATH=${CMAKE_PREFIX_PATH}:/opt/ros/jazzy DEBUGINFOD_URLS=https://debuginfod.ubuntu.com /usr/bin/cmake --install /home/marius/rg_ws/src/rg_bringup/build/rg_bringup
